19:11:43    224 --> ...                                                                                                  [tcl] ucliGUI::start /net/marysrock.ece.Virginia.EDU/maryisan/users/hwu6hc/synopsys/workk/simv -ucligui 
19:11:43    225 --> ...  [tcl] set ucliGUI::state
19:11:43    226 --> ...      [tcl] gui_update_simulator_buttons
19:11:44    227 --> ...          [tcl] set ucliGUI::state
19:11:44    228 --> ...              [tcl] ucliCore::getToolPID
19:11:44    229 --> ...                  [tcl] synopsys::env hasTB
19:11:44    230 --> ...                      [tcl] trigger_hier_stack_context_switch 0
19:11:44    231 --> ...                          [tcl] synUtils::setDVEInitPhase 1
19:11:44    232 --> ...                              [tcl] gui_get_env SIMSETUP::SIMVPD
19:11:44    233 --> ...                                  [tcl] synopsys::dump -type VPD -file /net/marysrock.ece.Virginia.EDU/maryisan/users/hwu6hc/synopsys/workk/inter.vpd -locking
19:11:44    234 --> ...                                      [tcl] synopsys::dump -autoflush on -fid VPD2
19:11:44    235 --> ...                                          [tcl] set ::dve_fid VPD2
19:11:44    236 --> ...                                              [tcl] synUtils::setDVEInitPhase 0
19:11:44    237 --> ...                                                  [tcl] ucliCore::getToolPID
19:11:44    238 --> ...                                                      [tcl] synUtils::sendTool -active _icl_setToolSocket /tmp/smlnpPMbydI
19:11:44    239 --> ...                                                          [tcl] synUtils::sendTool -active {_icl_start_rpc -version "S-2021.09-SP1-1_Full64" -sync_file /tmp/vcs_dve_rpc.hwu6hc.17233}
19:11:44    240 --> ...                                                              [tcl] synUtils::sendTool -active {_icl_createSharedMemory /tmp/vcs_dve_general.hwu6hc.17233}
19:11:44    241 --> ...                                                                  [tcl] config endofsim noexit
19:11:44    242 --> ...                                                                      [tcl] config onfail enable all
19:11:44    243 --> ...                                                                          [tcl] config syscaddplainmembers
19:11:44    244 --> ...                                                                              [tcl] config syscaddsourcenames
19:11:44    245 --> ...                                                                                  [tcl] config syscaddstructtypes
19:11:44    246 --> ...                                                                                      [tcl] synopsys::listing -disable
19:11:44    247 --> ...                                                                                          [tcl] # Begin_DVE_Session_Save_Info
19:11:44    248 --> ...                                                                                              [tcl] # DVE restart session
19:11:44    249 --> ...                                                                                                  [tcl] # Saved on Mon Jan 27 19:11:42 2025
19:11:44    250 --> ...  [tcl] # Designs open: 1
19:11:44    251 --> ...      [tcl] #   Sim: /net/marysrock.ece.Virginia.EDU/maryisan/users/hwu6hc/synopsys/workk/simv
19:11:44    252 --> ...          [tcl] # Toplevel windows open: 3
19:11:44    253 --> ...              [tcl] # 	TopLevel.1
19:11:44    254 --> ...                  [tcl] # 	TopLevel.2
19:11:44    255 --> ...                      [tcl] # 	TopLevel.3
19:11:44    256 --> ...                          [tcl] #   Schematic.1: .
19:11:44    257 --> ...                              [tcl] #   Source.1: mac_tb
19:11:44    258 --> ...                                  [tcl] #   Schematic.3: .
19:11:44    259 --> ...                                      [tcl] #   Schematic.2: .
19:11:44    260 --> ...                                          [tcl] #   Wave.1: 21 signals
19:11:44    261 --> ...                                              [tcl] #   Wave.2: 14 signals
19:11:44    262 --> ...                                                  [tcl] #   Group count = 2
19:11:44    263 --> ...                                                      [tcl] #   Group u_mac signal count = 21
19:11:44    264 --> ...                                                          [tcl] #   Group mac_tb signal count = 14
19:11:44    265 --> ...                                                              [tcl] # End_DVE_Session_Save_Info
19:11:44    266 --> ...                                                                  [tcl] # DVE version: S-2021.09-SP1-1_Full64
19:11:44    267 --> ...                                                                      [tcl] # DVE build date: Jan 16 2022 21:13:46
19:11:44    268 --> ...                                                                          [tcl] #<Session mode="Restart" path=".restartSimSession.tcl" type="Debug">
19:11:44    269 --> ...                                                                              [tcl] gui_set_loading_session_type Restart
19:11:44    270 --> ...                                                                                  [tcl] gui_continuetime_set
19:11:44    271 --> ...                                                                                      [tcl] gui_clear_window -type Wave
19:11:44    272 --> ...                                                                                          [tcl] gui_clear_window -type List
19:11:44    273 --> ...                                                                                              [tcl] # Application preferences
19:11:44    274 --> ...                                                                                                  [tcl] gui_set_pref_value -key app_default_font -value {Helvetica,10,-1,5,50,0,0,0,0,0}
19:11:44    275 --> ...  [tcl] gui_src_preferences -tabstop 8 -maxbits 24 -windownumber 1
19:11:44    276 --> ...      [tcl] #<WindowLayout>
19:11:44    277 --> ...          [tcl] # DVE top-level session
19:11:44    278 --> ...              [tcl] # Create and position top-level window: TopLevel.1
19:11:44    279 --> ...                  [tcl] set TopLevel.1 TopLevel.1
19:11:44    280 --> ...                      [tcl] # Docked window settings
19:11:44    281 --> ...                          [tcl] set HSPane.1 HSPane.1
19:11:44    282 --> ...                              [tcl] set Hier.1 Hier.1
19:11:44    283 --> ...                                  [tcl] set DLPane.1 DLPane.1
19:11:44    284 --> ...                                      [tcl] set Data.1 Data.1
19:11:44    285 --> ...                                          [tcl] set Console.1 Console.1
19:11:44    286 --> ...                                              [tcl] set DriverLoad.1 DriverLoad.1
19:11:44    287 --> ...                                                  [tcl] gui_sync_global -id ${TopLevel.1} -option true
19:11:44    288 --> ...                                                      [tcl] # MDI window settings
19:11:44    289 --> ...                                                          [tcl] set Source.1 Source.1
19:11:44    290 --> ...                                                              [tcl] gui_update_layout -id ${Source.1} {{left 0} {top 0} {width 500} {height 375} {show_state normal} {dock_state undocked} {dock_on_new_line false}}
19:11:44    291 --> ...                                                                  [tcl] gui_use_schematics
19:11:44    292 --> ...                                                                      [tcl] set Schematic.1 [gui_create_window -type {Schematic}  -parent ${TopLevel.1} -defer_create_taskbar_icon]
19:11:44    293 --> ...                                                                          [tcl] set setting [::Misc::Setting::create -array DvePathSchematicSettings]
19:11:44    294 --> ...                                                                              [tcl] Misc::init_window $setting ${Schematic.1}
19:11:44    295 --> ...                                                                                  [tcl] ::Misc::exec_method -window ${Schematic.1} -method captionCmd
19:11:45    296 --> ...                                                                                      [tcl] gui_add_icon_to_taskbar -window ${Schematic.1}
19:11:45    297 --> ...                                                                                          [tcl] gui_show_window -window ${Schematic.1} -show_state normal -rect {{0 0} {495 347}}
19:11:45    298 --> ...                                                                                              [tcl] gui_update_layout -id ${Schematic.1} {{left 13} {top 20} {width 500} {height 375} {show_state normal} {dock_state undocked} {dock_on_new_line false}}
19:11:45    299 --> ...                                                                                                  [tcl] set Schematic.2 [gui_create_window -type {Schematic}  -parent ${TopLevel.1} -defer_create_taskbar_icon]
19:11:45    300 --> ...  [tcl] set setting [::Misc::Setting::create -array DvePathSchematicSettings]
19:11:45    301 --> ...      [tcl] Misc::init_window $setting ${Schematic.2}
19:11:45    302 --> ...          [tcl] ::Misc::exec_method -window ${Schematic.2} -method captionCmd
19:11:45    303 --> ...              [tcl] gui_add_icon_to_taskbar -window ${Schematic.2}
19:11:45    304 --> ...                  [tcl] gui_show_window -window ${Schematic.2} -show_state normal -rect {{0 0} {632 405}}
19:11:45    305 --> ...                      [tcl] gui_update_layout -id ${Schematic.2} {{left 4} {top 6} {width 637} {height 433} {show_state normal} {dock_state undocked} {dock_on_new_line false}}
19:11:45    306 --> ...                          [tcl] set Schematic.3 [gui_create_window -type {Schematic}  -parent ${TopLevel.1} -defer_create_taskbar_icon]
19:11:45    307 --> ...                              [tcl] set setting [::Misc::Setting::create -array DvePathSchematicSettings]
19:11:45    308 --> ...                                  [tcl] Misc::init_window $setting ${Schematic.3}
19:11:45    309 --> ...                                      [tcl] ::Misc::exec_method -window ${Schematic.3} -method captionCmd
19:11:45    310 --> ...                                          [tcl] gui_add_icon_to_taskbar -window ${Schematic.3}
19:11:45    311 --> ...                                              [tcl] gui_show_window -window ${Schematic.3} -show_state normal -rect {{0 0} {614 409}}
19:11:45    312 --> ...                                                  [tcl] gui_update_layout -id ${Schematic.3} {{left 629} {top 4} {width 619} {height 437} {show_state normal} {dock_state undocked} {dock_on_new_line false}}
19:11:45    313 --> ...                                                      [tcl] # End MDI window settings
19:11:45    314 --> ...                                                          [tcl] # Create and position top-level window: TopLevel.2
19:11:45    315 --> ...                                                              [tcl] set TopLevel.2 TopLevel.2
19:11:45    316 --> ...                                                                  [tcl] # Docked window settings
19:11:45    317 --> ...                                                                      [tcl] gui_sync_global -id ${TopLevel.2} -option true
19:11:45    318 --> ...                                                                          [tcl] # MDI window settings
19:11:45    319 --> ...                                                                              [tcl] set Wave.1 Wave.1
19:11:45    320 --> ...                                                                                  [tcl] gui_update_layout -id ${Wave.1} {{show_state maximized} {dock_state undocked} {dock_on_new_line false} {child_wave_left 432} {child_wave_right 1098} {child_wave_colname 353} {child_wave_colvalue 75} {child_wave_col1 0} {child_wave_col2 1}}
19:11:45    321 --> ...                                                                                      [tcl] # End MDI window settings
19:11:45    322 --> ...                                                                                          [tcl] # Create and position top-level window: TopLevel.3
19:11:45    323 --> ...                                                                                              [tcl] set TopLevel.3 TopLevel.3
19:11:45    324 --> ...                                                                                                  [tcl] # Docked window settings
19:11:45    325 --> ...  [tcl] gui_sync_global -id ${TopLevel.3} -option true
19:11:45    326 --> ...      [tcl] # MDI window settings
19:11:45    327 --> ...          [tcl] set Wave.2 Wave.2
19:11:45    328 --> ...              [tcl] gui_update_layout -id ${Wave.2} {{show_state maximized} {dock_state undocked} {dock_on_new_line false} {child_wave_left 427} {child_wave_right 1043} {child_wave_colname 211} {child_wave_colvalue 211} {child_wave_col1 0} {child_wave_col2 1}}
19:11:45    329 --> ...                  [tcl] # End MDI window settings
19:11:45    330 --> ...                      [tcl] #</WindowLayout>
19:11:45    331 --> ...                          [tcl] #<Database>
19:11:45    332 --> ...                              [tcl] gui_set_precision 1ps
19:11:45    333 --> ...                                  [tcl] gui_set_time_units 1ps
19:11:45    334 --> ...                                      [tcl] #</Database>
19:11:45    335 --> ...                                          [tcl] # DVE Global setting session:
19:11:45    336 --> ...                                              [tcl] # Global: Breakpoints
19:11:45    337 --> ...                                                  [tcl] # Global: Bus
19:11:45    338 --> ...                                                      [tcl] # Global: Expressions
19:11:45    339 --> ...                                                          [tcl] # Global: Signal Time Shift
19:11:45    340 --> ...                                                              [tcl] # Global: Signal Compare
19:11:45    341 --> ...                                                                  [tcl] gui_compare_create {mac_tb.u_mac.clk} {mac_tb.u_mac.out_valid}
19:11:45    342 --> ...                                                                      [tcl] ucliGUI::vpdAddHierarchy -scope mac_tb.u_mac -depth 1 -file /net/marysrock.ece.Virginia.EDU/maryisan/users/hwu6hc/synopsys/workk/inter.vpd; synopsys::dump -flush VPD2
19:11:45    343 --> ...                                                                          [tcl] synopsys::dump -add {mac_tb.u_mac.clk} -aggregates  -fid VPD2
19:11:45    344 --> ...                                                                              [tcl] synopsys::dump -add {mac_tb.u_mac.out_valid} -aggregates  -fid VPD2
19:11:45    345 --> ...                                                                                  [tcl] gui_compare_set_option -name {Sim:mac_tb.u_mac.clk<>Sim:mac_tb.u_mac.out_valid} -ignore {none} -timeUnit 1ps -tolerance 0 -typesOfSignal {{in} {out} {inout} {signal} } -mismatch_per_signal 100 -mismatch_total 1000 -recompare {true}
19:11:45    346 --> ...                                                                                      [tcl] # Global: Signal Groups
19:11:45    347 --> ...                                                                                          [tcl] gui_load_child_values {mac_tb.u_mac}
19:11:45    348 --> ...                                                                                              [tcl] synopsys::dump -add {mac_tb.u_mac} -scope "." -depth 1 -fid VPD2
19:11:45    349 --> ...                                                                                                  [tcl] gui_load_child_values {mac_tb}
19:11:45    350 --> ...  [tcl] synopsys::dump -add {mac_tb} -scope "." -depth 1 -fid VPD2
19:11:45    351 --> ...      [tcl] set _session_group_1 u_mac
19:11:45    352 --> ...          [tcl] gui_sg_create "$_session_group_1"
19:11:45    353 --> ...              [tcl] set u_mac "$_session_group_1"
19:11:45    354 --> ...                  [tcl] gui_sg_addsignal -group "$_session_group_1" { mac_tb.u_mac.in_b mac_tb.u_mac.out_sig mac_tb.u_mac.state_Next mac_tb.u_mac.reset mac_tb.u_mac.in_valid_a mac_tb.u_mac.in_valid_b mac_tb.u_mac.WAIT_A mac_tb.u_mac.WAIT_B mac_tb.u_mac.temp_out mac_tb.u_mac.MAC mac_tb.u_mac.reg_a mac_tb.u_mac.reg_b mac_tb.u_mac.reg_c mac_tb.u_mac.IDLE mac_tb.u_mac.state mac_tb.u_mac.counter mac_tb.u_mac.clk mac_tb.u_mac.out_valid mac_tb.u_mac.mac_out mac_tb.u_mac.in_a Sim:mac_tb.u_mac.clk<>Sim:mac_tb.u_mac.out_valid }
19:11:45    355 --> ...                      [tcl] gui_set_radix -radix {decimal} -signals {Sim:mac_tb.u_mac.WAIT_A}
19:11:45    356 --> ...                          [tcl] gui_set_radix -radix {unsigned} -signals {Sim:mac_tb.u_mac.WAIT_A}
19:11:45    357 --> ...                              [tcl] gui_set_radix -radix {decimal} -signals {Sim:mac_tb.u_mac.WAIT_B}
19:11:45    358 --> ...                                  [tcl] gui_set_radix -radix {unsigned} -signals {Sim:mac_tb.u_mac.WAIT_B}
19:11:45    359 --> ...                                      [tcl] gui_set_radix -radix {decimal} -signals {Sim:mac_tb.u_mac.MAC}
19:11:45    360 --> ...                                          [tcl] gui_set_radix -radix {unsigned} -signals {Sim:mac_tb.u_mac.MAC}
19:11:45    361 --> ...                                              [tcl] gui_set_radix -radix {decimal} -signals {Sim:mac_tb.u_mac.IDLE}
19:11:45    362 --> ...                                                  [tcl] gui_set_radix -radix {unsigned} -signals {Sim:mac_tb.u_mac.IDLE}
19:11:45    363 --> ...                                                      [tcl] set _session_group_2 mac_tb
19:11:45    364 --> ...                                                          [tcl] gui_sg_create "$_session_group_2"
19:11:45    365 --> ...                                                              [tcl] set mac_tb "$_session_group_2"
19:11:45    366 --> ...                                                                  [tcl] gui_sg_addsignal -group "$_session_group_2" { mac_tb.in_b mac_tb.reset mac_tb.in_valid_a mac_tb.in_valid_b mac_tb.i mac_tb.check mac_tb.err mac_tb.pattern_in mac_tb.clk mac_tb.ans mac_tb.out_valid mac_tb.count mac_tb.mac_out mac_tb.in_a }
19:11:45    367 --> ...                                                                      [tcl] gui_set_radix -radix {decimal} -signals {Sim:mac_tb.i}
19:11:45    368 --> ...                                                                          [tcl] gui_set_radix -radix {twosComplement} -signals {Sim:mac_tb.i}
19:11:45    369 --> ...                                                                              [tcl] gui_set_radix -radix {decimal} -signals {Sim:mac_tb.check}
19:11:45    370 --> ...                                                                                  [tcl] gui_set_radix -radix {twosComplement} -signals {Sim:mac_tb.check}
19:11:45    371 --> ...                                                                                      [tcl] gui_set_radix -radix {decimal} -signals {Sim:mac_tb.err}
19:11:45    372 --> ...                                                                                          [tcl] gui_set_radix -radix {twosComplement} -signals {Sim:mac_tb.err}
19:11:45    373 --> ...                                                                                              [tcl] # Global: Highlighting
19:11:45    374 --> ...                                                                                                  [tcl] gui_highlight_signals -color #00ff00 {{mac_tb.u_mac.counter[3:0]}}
19:11:45    375 --> ...  [tcl] dveMisc::vbusExpand mac_tb.u_mac
19:11:45    376 --> ...      [tcl] # Global: Stack
19:11:45    377 --> ...          [tcl] gui_change_stack_mode -mode list
19:11:45    378 --> ...              [tcl] # Post database loading setting...
19:11:45    379 --> ...                  [tcl] # Save global setting...
19:11:45    380 --> ...                      [tcl] # Wave/List view global setting
19:11:45    381 --> ...                          [tcl] gui_cov_show_value -switch false
19:11:45    382 --> ...                              [tcl] # Close all empty TopLevel windows
19:11:45    383 --> ...                                  [tcl] foreach __top [gui_ekki_get_window_ids -type TopLevel] {     if { [llength [gui_ekki_get_window_ids -parent $__top]] == 0} {         gui_close_window -window $__top     } }
19:11:45    384 --> ...                                      [tcl] gui_set_loading_session_type noSession
19:11:45    385 --> ...                                          [tcl] # DVE View/pane content session:
19:11:45    386 --> ...                                              [tcl] # Hier 'Hier.1'
19:11:45    387 --> ...                                                  [tcl] gui_show_window -window ${Hier.1}
19:11:45    388 --> ...                                                      [tcl] gui_list_set_filter -id ${Hier.1} -list { {Package 1} {All 0} {Process 1} {VirtPowSwitch 0} {UnnamedProcess 1} {UDP 0} {Function 1} {Block 1} {SrsnAndSpaCell 0} {OVA Unit 1} {LeafScCell 1} {LeafVlgCell 1} {Interface 1} {LeafVhdCell 1} {$unit 1} {NamedBlock 1} {Task 1} {VlgPackage 1} {ClassDef 1} {VirtIsoCell 0} }
19:11:45    389 --> ...                                                          [tcl] gui_list_set_filter -id ${Hier.1} -text {*}
19:11:45    390 --> ...                                                              [tcl] gui_change_design -id ${Hier.1} -design Sim
19:11:45    391 --> ...                                                                  [tcl] catch {gui_list_select -id ${Hier.1} {mac_tb}}
19:11:45    392 --> ...                                                                      [tcl] dveMisc::vbusExpand mac_tb
19:11:45    393 --> ...                                                                          [tcl] gui_view_scroll -id ${Hier.1} -vertical -set 0
19:11:45    394 --> ...                                                                              [tcl] gui_view_scroll -id ${Hier.1} -horizontal -set 1
19:11:45    395 --> ...                                                                                  [tcl] # Data 'Data.1'
19:11:45    396 --> ...                                                                                      [tcl] gui_list_set_filter -id ${Data.1} -list { {Buffer 1} {Input 1} {Others 1} {Linkage 1} {Output 1} {LowPower 1} {Parameter 1} {All 1} {Aggregate 1} {LibBaseMember 1} {Event 1} {Assertion 1} {Constant 1} {Interface 1} {BaseMembers 1} {Signal 1} {$unit 1} {Inout 1} {Variable 1} }
19:11:45    397 --> ...                                                                                          [tcl] gui_list_set_filter -id ${Data.1} -text {*}
19:11:45    398 --> ...                                                                                              [tcl] gui_list_show_data -id ${Data.1} {mac_tb}
19:11:45    399 --> ...                                                                                                  [tcl] gui_show_window -window ${Data.1}
19:11:45    400 --> ...  [tcl] catch { gui_list_select -id ${Data.1} {mac_tb.pattern_in }}
19:11:45    401 --> ...      [tcl] gui_view_scroll -id ${Data.1} -vertical -set 0
19:11:45    402 --> ...          [tcl] gui_view_scroll -id ${Data.1} -horizontal -set 0
19:11:45    403 --> ...              [tcl] gui_view_scroll -id ${Hier.1} -vertical -set 0
19:11:45    404 --> ...                  [tcl] gui_view_scroll -id ${Hier.1} -horizontal -set 1
19:11:45    405 --> ...                      [tcl] # Source 'Source.1'
19:11:45    406 --> ...                          [tcl] gui_src_value_annotate -id ${Source.1} -switch false
19:11:45    407 --> ...                              [tcl] gui_set_env TOGGLE::VALUEANNOTATE 0
19:11:45    408 --> ...                                  [tcl] gui_open_source -id ${Source.1}  -replace -active mac_tb /net/marysrock.ece.Virginia.EDU/maryisan/users/hwu6hc/synopsys/workk/../sourcee/mac_tb.v
19:11:45    409 --> ...                                      [tcl] gui_view_scroll -id ${Source.1} -vertical -set 168
19:11:45    410 --> ...                                          [tcl] gui_src_set_reusable -id ${Source.1}
19:11:45    411 --> ...                                              [tcl] # View 'Wave.1'
19:11:45    412 --> ...                                                  [tcl] gui_wv_sync -id ${Wave.1} -switch false
19:11:45    413 --> ...                                                      [tcl] set groupExD [gui_get_pref_value -category Wave -key exclusiveSG]
19:11:45    414 --> ...                                                          [tcl] gui_set_pref_value -category Wave -key exclusiveSG -value {false}
19:11:45    415 --> ...                                                              [tcl] set origWaveHeight [gui_get_pref_value -category Wave -key waveRowHeight]
19:11:45    416 --> ...                                                                  [tcl] gui_list_set_height -id Wave -height 25
19:11:45    417 --> ...                                                                      [tcl] set origGroupCreationState [gui_list_create_group_when_add -wave]
19:11:45    418 --> ...                                                                          [tcl] gui_list_create_group_when_add -wave -disable
19:11:45    419 --> ...                                                                              [tcl] gui_wv_zoom_timerange -id ${Wave.1} 0 318160
19:11:45    420 --> ...                                                                                  [tcl] gui_list_add_group -id ${Wave.1} -after {New Group} {u_mac}
19:11:45    421 --> ...                                                                                      [tcl] gui_list_collapse -id ${Wave.1} u_mac
19:11:45    422 --> ...                                                                                          [tcl] gui_seek_criteria -id ${Wave.1} {Any Edge}
19:11:45    423 --> ...                                                                                              [tcl] gui_set_pref_value -category Wave -key exclusiveSG -value $groupExD
19:11:45    424 --> ...                                                                                                  [tcl] gui_list_set_height -id Wave -height $origWaveHeight
19:11:45    425 --> ...  [tcl] if {$origGroupCreationState} { 	gui_list_create_group_when_add -wave -enable }
19:11:45    426 --> ...      [tcl] if { $groupExD } {  gui_msg_report -code DVWW028 }
19:11:45    427 --> ...          [tcl] gui_list_set_filter -id ${Wave.1} -list { {Buffer 1} {Input 1} {Others 1} {Linkage 1} {Output 1} {Parameter 1} {All 1} {Aggregate 1} {LibBaseMember 1} {Event 1} {Assertion 1} {Constant 1} {Interface 1} {BaseMembers 1} {Signal 1} {$unit 1} {Inout 1} {Variable 1} }
19:11:45    428 --> ...              [tcl] gui_list_set_filter -id ${Wave.1} -text {*}
19:11:45    429 --> ...                  [tcl] gui_list_set_insertion_bar  -id ${Wave.1} -group u_mac  -position in
19:11:45    430 --> ...                      [tcl] gui_view_scroll -id ${Wave.1} -vertical -set 0
19:11:45    431 --> ...                          [tcl] gui_show_grid -id ${Wave.1} -enable false
19:11:45    432 --> ...                              [tcl] # DriverLoad 'DriverLoad.1'
19:11:45    433 --> ...                                  [tcl] gui_get_drivers -session -id ${DriverLoad.1} -signal mac_tb.u_mac.out_valid -time 5000 -starttime 2550000
19:11:45    434 --> ...                                      [tcl] gui_get_drivers -session -id ${DriverLoad.1} -signal mac_tb.u_mac.out_sig -time 5000 -starttime 2550000
19:11:45    435 --> ...                                          [tcl] # View 'Schematic.1'
19:11:45    436 --> ...                                              [tcl] gui_use_schematics
19:11:45    437 --> ...                                                  [tcl] # Create path schematic window 'Schematic.1'
19:11:45    438 --> ...                                                      [tcl] gui_path_show -window ${Schematic.1} -objects {mac_tb.*p@49 mac_tb.u_mac.*p@125 mac_tb.u_mac.*p@117 mac_tb.u_mac.*p@109 mac_tb.*p@90 mac_tb.*p@39 mac_tb.u_mac.mac_out mac_tb.u_mac.clk mac_tb.u_mac.reset mac_tb.u_mac.in_valid_a mac_tb.u_mac.in_valid_b mac_tb.u_mac.out_valid mac_tb.u_mac.in_a mac_tb.u_mac.in_b mac_tb.mac_out mac_tb.u_mac.mac_out mac_tb.u_mac.clk mac_tb.clk mac_tb.err mac_tb.reset mac_tb.out_valid mac_tb.in_valid_a mac_tb.in_valid_b mac_tb.u_mac.out_sig mac_tb.in_a mac_tb.in_b mac_tb.u_mac.out_valid mac_tb.check}
19:11:45    439 --> ...                                                          [tcl] gui_show_pin_value_annotate [gui_window_hier_name -window ${Schematic.1}]
19:11:45    440 --> ...                                                              [tcl] gui_zoom -window ${Schematic.1} -rect { {1785 -44294} {58427 -5300} }
19:11:45    441 --> ...                                                                  [tcl] # View 'Schematic.2'
19:11:45    442 --> ...                                                                      [tcl] gui_use_schematics
19:11:45    443 --> ...                                                                          [tcl] # Create path schematic window 'Schematic.2'
19:11:45    444 --> ...                                                                              [tcl] gui_path_show -window ${Schematic.2} -objects {mac_tb.*p@49 mac_tb.u_mac.*p@125 mac_tb.u_mac.*p@117 mac_tb.u_mac.*p@109 mac_tb.*p@39 mac_tb.u_mac.mac_out mac_tb.u_mac.clk mac_tb.u_mac.out_valid mac_tb.mac_out mac_tb.u_mac.mac_out mac_tb.u_mac.clk mac_tb.clk mac_tb.out_valid mac_tb.u_mac.out_sig mac_tb.u_mac.out_valid}
19:11:45    445 --> ...                                                                                  [tcl] gui_show_pin_value_annotate [gui_window_hier_name -window ${Schematic.2}]
19:11:45    446 --> ...                                                                                      [tcl] gui_zoom -window ${Schematic.2} -rect { {1923 -25724} {46841 2533} }
19:11:45    447 --> ...                                                                                          [tcl] # View 'Schematic.3'
19:11:45    448 --> ...                                                                                              [tcl] gui_use_schematics
19:11:45    449 --> ...                                                                                                  [tcl] # Create path schematic window 'Schematic.3'
19:11:45    450 --> ...  [tcl] gui_path_show -window ${Schematic.3} -objects {mac_tb.u_mac.*p@26 mac_tb.u_mac.*p@103 mac_tb.u_mac.*p@109 mac_tb.u_mac.*p@89 mac_tb.u_mac.*p@125 mac_tb.u_mac.*p@77 mac_tb.u_mac.*p@117 mac_tb.u_mac.mac_out mac_tb.u_mac.clk mac_tb.u_mac.reset mac_tb.u_mac.in_valid_a mac_tb.u_mac.in_valid_b mac_tb.u_mac.out_valid mac_tb.u_mac.in_a mac_tb.u_mac.in_b mac_tb.u_mac.counter mac_tb.u_mac.mac_out mac_tb.u_mac.clk mac_tb.u_mac.reset mac_tb.u_mac.out_sig mac_tb.u_mac.reg_a mac_tb.u_mac.in_valid_a mac_tb.u_mac.in_valid_b mac_tb.u_mac.out_valid mac_tb.u_mac.in_a}
19:11:45    451 --> ...      [tcl] gui_show_pin_value_annotate [gui_window_hier_name -window ${Schematic.3}]
19:11:46    452 --> ...          [tcl] gui_zoom -window ${Schematic.3} -rect { {-26774 -63920} {77747 4529} }
19:11:46    453 --> ...              [tcl] # View 'Wave.2'
19:11:46    454 --> ...                  [tcl] gui_wv_sync -id ${Wave.2} -switch false
19:11:46    455 --> ...                      [tcl] set groupExD [gui_get_pref_value -category Wave -key exclusiveSG]
19:11:46    456 --> ...                          [tcl] gui_set_pref_value -category Wave -key exclusiveSG -value {false}
19:11:46    457 --> ...                              [tcl] set origWaveHeight [gui_get_pref_value -category Wave -key waveRowHeight]
19:11:46    458 --> ...                                  [tcl] gui_list_set_height -id Wave -height 25
19:11:46    459 --> ...                                      [tcl] set origGroupCreationState [gui_list_create_group_when_add -wave]
19:11:46    460 --> ...                                          [tcl] gui_list_create_group_when_add -wave -disable
19:11:46    461 --> ...                                              [tcl] gui_wv_zoom_timerange -id ${Wave.2} 0 341
19:11:46    462 --> ...                                                  [tcl] gui_list_add_group -id ${Wave.2} -after {New Group} {mac_tb}
19:11:46    463 --> ...                                                      [tcl] synopsys::dump -add {mac_tb.ans mac_tb.pattern_in } -aggregates  -fid VPD2
19:11:46    464 --> ...                                                          [tcl] gui_seek_criteria -id ${Wave.2} {Any Edge}
19:11:46    465 --> ...                                                              [tcl] gui_set_env TOGGLE::DEFAULT_WAVE_WINDOW ${Wave.2}
19:11:46    466 --> ...                                                                  [tcl] gui_set_pref_value -category Wave -key exclusiveSG -value $groupExD
19:11:46    467 --> ...                                                                      [tcl] gui_list_set_height -id Wave -height $origWaveHeight
19:11:46    468 --> ...                                                                          [tcl] if {$origGroupCreationState} { 	gui_list_create_group_when_add -wave -enable }
19:11:46    469 --> ...                                                                              [tcl] if { $groupExD } {  gui_msg_report -code DVWW028 }
19:11:46    470 --> ...                                                                                  [tcl] gui_list_set_filter -id ${Wave.2} -list { {Buffer 1} {Input 1} {Others 1} {Linkage 1} {Output 1} {Parameter 1} {All 1} {Aggregate 1} {LibBaseMember 1} {Event 1} {Assertion 1} {Constant 1} {Interface 1} {BaseMembers 1} {Signal 1} {$unit 1} {Inout 1} {Variable 1} }
19:11:46    471 --> ...                                                                                      [tcl] gui_list_set_filter -id ${Wave.2} -text {*}
19:11:46    472 --> ...                                                                                          [tcl] gui_list_set_insertion_bar  -id ${Wave.2} -group mac_tb  -position in
19:11:46    473 --> ...                                                                                              [tcl] gui_view_scroll -id ${Wave.2} -vertical -set 0
19:11:46    474 --> ...                                                                                                  [tcl] gui_show_grid -id ${Wave.2} -enable false
19:11:46    475 --> ...  [tcl] # Restore toplevel window zorder
19:11:46    476 --> ...      [tcl] # The toplevel window could be closed if it has no view/pane
19:11:46    477 --> ...          [tcl] if {[gui_exist_window -window ${TopLevel.2}]} { 	gui_set_active_window -window ${TopLevel.2} 	gui_set_active_window -window ${Wave.1} }
19:11:46    478 --> ...              [tcl] if {[gui_exist_window -window ${TopLevel.1}]} { 	gui_set_active_window -window ${TopLevel.1} 	gui_set_active_window -window ${Schematic.2} 	gui_set_active_window -window ${HSPane.1} }
19:11:46    479 --> ...                  [tcl] if {[gui_exist_window -window ${TopLevel.3}]} { 	gui_set_active_window -window ${TopLevel.3} 	gui_set_active_window -window ${Wave.2} }
19:11:46    480 --> ...                      [tcl] #</Session>
19:13:46    481 --> ...                          [tcl] synopsys::run
19:13:46    482 --> ...                              [tcl] set ucliGUI::state
19:13:46    483 --> ...                                  [tcl] gui_update_simulator_buttons
19:13:46    484 --> ...                                      [tcl] set ucliGUI::state
19:13:46    485 --> ...                                          [tcl] set ucliGUI::state
19:13:46    486 --> ...                                              [tcl] set ucliGUI::state
19:13:46    487 --> ...                                                  [tcl] catch {senv activeDomain} dveMisc::result 
19:13:46    488 --> ...                                                      [tcl] set dveMisc::result
19:13:46    489 --> ...                                                          [tcl] gui_update_simulator_buttons
