# Preference setting overrides
gui_set_pref_value -category {Driver} -key {driver_link_to_schematic} -value {true}
gui_set_pref_value -category {Driver} -key {driver_link_to_source} -value {false}
gui_set_pref_value -category {Driver} -key {show_intermediate_drivers} -value {true}
gui_create_pref_key -category {Globals} -key {load_detail_for_funcov} -value_type {bool} -value {false}
gui_create_pref_category -category {schem_obj_name}
gui_create_pref_key -category {schem_obj_name} -key {show_cell_and_pin_with_symbol_name} -value_type {bool} -value {false}
gui_create_pref_key -category {schem_pin_hc} -key {textExtFont} -value_type {string} -value {Helvetica,10,-1,5,50,0,0,0,0,0}
gui_set_pref_value -category {waveCompare} -key {end_unit} -value {1s}
gui_set_pref_value -category {waveCompare} -key {start_unit} -value {1s}

# State setting overrides
gui_state_default_create -off -ini
gui_set_state_value -category Layout -key child_console_size_x -value 595
gui_set_state_value -category Layout -key child_console_size_y -value 226
gui_set_state_value -category Layout -key child_data_coltype -value 112
gui_set_state_value -category Layout -key child_data_colvalue -value 30
gui_set_state_value -category Layout -key child_data_colvariable -value 155
gui_set_state_value -category Layout -key child_data_size_x -value 306
gui_set_state_value -category Layout -key child_data_size_y -value 360
gui_set_state_value -category Layout -key child_hier_col3 -value {-1}
gui_set_state_value -category Layout -key child_hier_colhier -value 180
gui_set_state_value -category Layout -key child_hier_colpd -value 0
gui_set_state_value -category Layout -key child_hier_size_x -value 289
gui_set_state_value -category Layout -key child_hier_size_y -value 360
gui_set_state_value -category Layout -key child_schematic_docknewline -value false
gui_set_state_value -category Layout -key child_schematic_pos_x -value {-2}
gui_set_state_value -category Layout -key child_schematic_pos_y -value {-18}
gui_set_state_value -category Layout -key child_schematic_size_x -value 945
gui_set_state_value -category Layout -key child_schematic_size_y -value 383
gui_set_state_value -category Layout -key child_source_docknewline -value false
gui_set_state_value -category Layout -key child_source_pos_x -value {-2}
gui_set_state_value -category Layout -key child_source_pos_y -value {-18}
gui_set_state_value -category Layout -key child_source_size_x -value 943
gui_set_state_value -category Layout -key child_source_size_y -value 356
gui_set_state_value -category Layout -key child_wave_colname -value 203
gui_set_state_value -category Layout -key child_wave_colvalue -value 70
gui_set_state_value -category Layout -key child_wave_left -value 277
gui_set_state_value -category Layout -key child_wave_right -value 1253
gui_set_state_value -category Layout -key main_pos_x -value 0
gui_set_state_value -category Layout -key main_pos_y -value 60
gui_set_state_value -category Layout -key main_size_x -value 1535
gui_set_state_value -category Layout -key main_size_y -value 764
gui_set_state_value -category Layout -key stand_wave_child_docknewline -value false
gui_set_state_value -category Layout -key stand_wave_child_pos_x -value {-2}
gui_set_state_value -category Layout -key stand_wave_child_pos_y -value {-18}
gui_set_state_value -category Layout -key stand_wave_child_size_x -value 1540
gui_set_state_value -category Layout -key stand_wave_child_size_y -value 561
gui_set_state_value -category Layout -key stand_wave_top_pos_x -value 0
gui_set_state_value -category Layout -key stand_wave_top_pos_y -value 60
gui_set_state_value -category Layout -key stand_wave_top_size_x -value 1535
gui_set_state_value -category Layout -key stand_wave_top_size_y -value 743
gui_create_state_key -category FindDialog -key m_pMatchCase -value_type bool -value false
gui_create_state_key -category FindDialog -key m_pMatchWord -value_type bool -value false
gui_create_state_key -category FindDialog -key m_pUseCombo -value_type string -value {}
gui_create_state_key -category FindDialog -key m_pWrapAround -value_type bool -value true
gui_create_state_key -category Widget_History -key Find|m_pFindFrame|m_pFindCombo -value_type string -value {out r n clk}
gui_create_state_key -category Widget_History -key TopLevel.1|qt_top_dock|&Edit|FindCombo -value_type string -value {out r n clk}
gui_create_state_key -category Widget_History -key TopLevel.2|qt_top_dock|&Edit|FindCombo -value_type string -value {out r n clk}
gui_create_state_key -category Widget_History -key TopLevel.3|qt_top_dock|&Edit|FindCombo -value_type string -value {out r n clk}
gui_create_state_key -category Widget_History -key TopLevel.4|qt_top_dock|&Edit|FindCombo -value_type string -value {out r n clk}
gui_create_state_key -category Widget_History -key {dlgSimSetup|m_setupTab|tab pages|SimTab|m_VPDCombo} -value_type string -value inter.vpd
gui_create_state_key -category Widget_History -key {dlgSimSetup|m_setupTab|tab pages|SimTab|m_argsCombo} -value_type string -value {{-ucligui }}
gui_create_state_key -category Widget_History -key {dlgSimSetup|m_setupTab|tab pages|SimTab|m_curDirCombo} -value_type string -value /net/marysrock.ece.Virginia.EDU/maryisan/users/hwu6hc/synopsys/work
gui_create_state_key -category Widget_History -key {dlgSimSetup|m_setupTab|tab pages|SimTab|m_exeCombo} -value_type string -value simv
gui_create_state_key -category SearchDialog -key MatchCase -value_type bool -value false
gui_create_state_key -category SearchDialog -key MatchWord -value_type bool -value true
gui_create_state_key -category SearchDialog -key SearchMode -value_type string -value Wildcards
gui_create_state_key -category SearchDialog -key UseCombo -value_type bool -value true
gui_state_default_create -off

# Begin command logging
gui_sim_run Ucli -exe simv -args {-ucligui  } -dir .
gui_list_expand -id  Hier.1   mac_tb
gui_set_env SIMSETUP::SIMCURRENTDIR /net/marysrock.ece.Virginia.EDU/maryisan/users/hwu6hc/synopsys/workk
gui_sim_restart
gui_list_expand -id  Hier.1   mac_tb
gui_list_select -id Hier.1 -current_item_name mac_tb.u_mac -current_item_type Scope  -selected  { mac_tb.u_mac   }
gui_open_window Wave
gui_list_add -id Wave.1 -from Hier.1 { mac_tb.u_mac } -insertionbar
gui_list_expand -id  Wave.1   {mac_tb.u_mac.in_b[3:0]}
gui_list_collapse -id  Wave.1   {mac_tb.u_mac.in_b[3:0]}
gui_sim_continue  
gui_wv_zoom_timerange -id  Wave.1 2549914 2550269
gui_zoom -window Wave.1 -full
gui_list_expand -id  Wave.1   {mac_tb.u_mac.WAIT_A[2:0]}
gui_list_collapse -id  Wave.1   {mac_tb.u_mac.WAIT_A[2:0]}
gui_list_expand -id  Wave.1   {mac_tb.u_mac.WAIT_B[2:0]}
gui_list_collapse -id  Wave.1   {mac_tb.u_mac.WAIT_B[2:0]}
gui_list_expand -id  Wave.1   {mac_tb.u_mac.temp_out[10:0]}
gui_list_collapse -id  Wave.1   {mac_tb.u_mac.temp_out[10:0]}
gui_list_expand -id  Wave.1   {mac_tb.u_mac.MAC[2:0]}
gui_list_collapse -id  Wave.1   {mac_tb.u_mac.MAC[2:0]}
gui_list_expand -id  Wave.1   {mac_tb.u_mac.counter[3:0]}
gui_list_collapse -id  Wave.1   {mac_tb.u_mac.counter[3:0]}
gui_list_expand -id  Wave.1   {mac_tb.u_mac.counter[3:0]}
gui_list_collapse -id  Wave.1   {mac_tb.u_mac.counter[3:0]}
gui_list_expand -id  Wave.1   {mac_tb.u_mac.mac_out[10:0]}
gui_list_collapse -id  Wave.1   {mac_tb.u_mac.mac_out[10:0]}
gui_list_expand -id  Wave.1   {mac_tb.u_mac.mac_out[10:0]}
gui_list_collapse -id  Wave.1   {mac_tb.u_mac.mac_out[10:0]}
gui_list_expand -id  Wave.1   {mac_tb.u_mac.in_a[3:0]}
gui_list_expand -id  Wave.1   {mac_tb.u_mac.in_b[3:0]}
gui_list_select -id Wave.1 -selected  { {mac_tb.u_mac.in_b[3]}   }
gui_list_collapse -id  Wave.1   u_mac
gui_list_expand -id  Wave.1   u_mac
gui_list_expand -id  Wave.1   {mac_tb.u_mac.mac_out[10:0]}
gui_list_collapse -id  Wave.1   {mac_tb.u_mac.mac_out[10:0]}
gui_list_collapse -id  Wave.1   {mac_tb.u_mac.in_a[3:0]}
gui_list_expand -id  Wave.1   {mac_tb.u_mac.counter[3:0]}
gui_list_collapse -id  Wave.1   {mac_tb.u_mac.counter[3:0]}
gui_list_expand -id  Wave.1   {mac_tb.u_mac.state[1:0]}
gui_list_collapse -id  Wave.1   {mac_tb.u_mac.state[1:0]}
gui_list_expand -id  Wave.1   {mac_tb.u_mac.IDLE[2:0]}
gui_list_collapse -id  Wave.1   {mac_tb.u_mac.IDLE[2:0]}
gui_list_expand -id  Wave.1   {mac_tb.u_mac.reg_c[10:0]}
gui_list_collapse -id  Wave.1   {mac_tb.u_mac.reg_c[10:0]}
gui_list_collapse -id  Wave.1   {mac_tb.u_mac.in_b[3:0]}
gui_list_select -id Wave.1 -selected  { mac_tb.u_mac.clk   }
gui_list_select -id Wave.1 -selected  { mac_tb.u_mac.out_valid   }
gui_get_drivers -id Wave.1 -signal mac_tb.u_mac.out_valid
gui_use_schematics
gui_zoom -window Schematic.1 -rect { {-22537 -4179} {32536 14238} }
gui_zoom -window Schematic.1 -rect { {-11280 -9244} {26643 3439} }
gui_zoom -window Schematic.1 -rect { {-11280 -9244} {26643 3439} }
gui_schematic_select -id Schematic.1 -type {net net} -parent {mac_tb.u_mac mac_tb.u_mac} {mac_tb.u_mac.out_valid mac_tb.u_mac.out_sig}
gui_zoom -window Schematic.1 -rect { {-22840 -20620} {49549 3588} }
gui_zoom -window Schematic.1 -rect { {-22840 -20620} {49549 3588} }
gui_zoom -window Schematic.1 -rect { {-22841 -20620} {49550 3589} }
gui_schematic_clear_selection -id Schematic.1
gui_zoom -window Schematic.1 -rect { {-22840 -20620} {49549 3588} }
gui_zoom -window Schematic.1 -rect { {-19324 -25798} {70955 4393} }
gui_zoom -window Schematic.1 -rect { {-22852 -20631} {49539 3578} }
gui_zoom -window Schematic.1 -rect { {-19324 -25798} {70955 4393} }
gui_zoom -window Schematic.1 -rect { {-19324 -25798} {70955 4393} }
gui_zoom -window Schematic.1 -rect { {-19325 -25798} {70957 4394} }
gui_zoom -window Schematic.1 -rect { {-19324 -25798} {70955 4393} }
gui_zoom -window Schematic.1 -rect { {-19324 -25798} {70955 4393} }
gui_list_select -id Hier.1 -current_item_name mac_tb -current_item_type Scope  -selected  { mac_tb   }
gui_list_expand -id  Data.1   {mac_tb.mac_out[10:0]}
gui_list_collapse -id  Data.1   {mac_tb.mac_out[10:0]}
gui_list_select -id Data.1 -selected  { {mac_tb.mac_out[10:0]}   }
gui_path_show -window Schematic.1 -objects {{mac_tb.mac_out[10:0]}}
gui_zoom -window Schematic.1 -rect { {-19324 -25798} {70955 4393} }
gui_zoom -window Schematic.1 -full
gui_zoom -window Schematic.1 -rect { {-8059 -25724} {59538 4295} }
gui_list_select -id Data.1 -selected  { {mac_tb.i[31:0]}   }
gui_path_show -window Schematic.1 -objects {{mac_tb.i[31:0]}}
gui_zoom -window Schematic.1 -rect { {-8059 -25724} {59538 4295} }
gui_list_select -id Data.1 -selected  { {mac_tb.err[31:0]}   }
gui_path_show -window Schematic.1 -objects {{mac_tb.err[31:0]}}
gui_zoom -window Schematic.1 -rect { {-13995 -31914} {67671 4353} }
gui_list_select -id Data.1 -selected  { {mac_tb.check[31:0]}   }
gui_path_show -window Schematic.1 -objects {{mac_tb.check[31:0]}}
gui_zoom -window Schematic.1 -rect { {-13020 -31914} {68647 4353} }
gui_list_select -id Data.1 -selected  { {mac_tb.mac_out[10:0]}   }
gui_path_show -window Schematic.1 -objects {{mac_tb.mac_out[10:0]}}
gui_zoom -window Schematic.1 -rect { {-13020 -31914} {68647 4353} }
gui_list_select -id Data.1 -selected  { mac_tb.out_valid   }
gui_path_show -window Schematic.1 -objects mac_tb.out_valid
gui_zoom -window Schematic.1 -rect { {-13020 -31914} {68647 4353} }
gui_list_select -id Data.1 -selected  { {mac_tb.in_a[3:0]}   }
gui_path_show -window Schematic.1 -objects {{mac_tb.in_a[3:0]}}
gui_zoom -window Schematic.1 -rect { {-3173 -26756} {66770 4305} }
gui_list_select -id Data.1 -selected  { {mac_tb.in_b[3:0]}   }
gui_path_show -window Schematic.1 -objects {{mac_tb.in_b[3:0]}}
gui_zoom -window Schematic.1 -rect { {-3802 -27784} {67307 3795} }
gui_list_select -id Data.1 -selected  { mac_tb.in_valid_a   }
gui_path_show -window Schematic.1 -objects mac_tb.in_valid_a
gui_zoom -window Schematic.1 -rect { {-3802 -27784} {67307 3795} }
gui_list_select -id Data.1 -selected  { mac_tb.in_valid_b   }
gui_path_show -window Schematic.1 -objects mac_tb.in_valid_b
gui_zoom -window Schematic.1 -rect { {-6257 -30879} {71890 3825} }
gui_list_select -id Data.1 -selected  { mac_tb.clk   }
gui_path_show -window Schematic.1 -objects mac_tb.clk
gui_zoom -window Schematic.1 -rect { {-6257 -30879} {71890 3825} }
gui_list_select -id Data.1 -selected  { mac_tb.reset   }
gui_path_show -window Schematic.1 -objects mac_tb.reset
gui_zoom -window Schematic.1 -rect { {-20037 -44294} {89789 4478} }
gui_list_select -id Data.1 -selected  { {mac_tb.count[3:0]}   }
gui_path_show -window Schematic.1 -objects {{mac_tb.count[3:0]}}
gui_zoom -window Schematic.1 -rect { {-20037 -44294} {89789 4478} }
gui_list_select -id Data.1 -selected  { {mac_tb.pattern_in[0:248][9:0]}   }
gui_path_show -window Schematic.1 -objects {{mac_tb.pattern_in[0:248][9:0]}}
gui_list_select -id Data.1 -selected  { {mac_tb.ans[0:9][10:0]}   }
gui_path_show -window Schematic.1 -objects {{mac_tb.ans[0:9][10:0]}}
gui_path_show -window Schematic.1 -objects mac_tb
gui_zoom -window Schematic.1 -rect { {-20037 -44294} {89789 4478} }
gui_list_select -id Hier.1 -current_item_name mac_tb.u_mac -current_item_type Scope  -selected  { mac_tb.u_mac   }
gui_path_show -window Schematic.1 -objects mac_tb.u_mac
gui_zoom -window Schematic.1 -rect { {-20037 -44294} {89789 4478} }
gui_list_select -id Data.1 -selected  { mac_tb.u_mac.out_sig   }
gui_path_show -window Schematic.1 -objects mac_tb.u_mac.out_sig
gui_zoom -window Schematic.1 -rect { {-20037 -44294} {89789 4478} }
gui_list_select -id Data.1 -selected  { mac_tb.u_mac.out_valid   }
gui_list_select -id Data.1 -selected  { mac_tb.u_mac.out_sig   }
gui_wv_zoom_timerange -id  Wave.1 0 311268
gui_wv_zoom_timerange -id  Wave.1 0 2550000
gui_list_select -id Wave.1 -selected  { mac_tb.u_mac.clk   }
gui_list_select -id Wave.1 -selected  { mac_tb.u_mac.clk  mac_tb.u_mac.out_valid   }
gui_list_select -id Wave.1 -selected  { mac_tb.u_mac.clk  mac_tb.u_mac.out_valid  mac_tb.u_mac.reset   }
gui_list_select -id Wave.1 -selected  { mac_tb.u_mac.clk  mac_tb.u_mac.out_valid  mac_tb.u_mac.reset  mac_tb.u_mac.out_sig   }
gui_set_pref_value -category {waveCompare} -key {start_unit} -value {1ps}
gui_set_pref_value -category {waveCompare} -key {end_unit} -value {1ps}
gui_compare_set_option   -ignore {none}   -typesOfSignal {{signal} {inout} {in} {out} }  -display {false} -recursive {true}  -tolerance 0 -timeUnit 1ps  -mismatch_per_signal 100 -mismatch_total 1000  -offset1  0  -offset2  0
gui_list_select -id Wave.1 -selected  { mac_tb.u_mac.out_valid  mac_tb.u_mac.reset  mac_tb.u_mac.out_sig   }
gui_list_select -id Wave.1 -selected  { mac_tb.u_mac.reset  mac_tb.u_mac.out_sig   }
gui_list_select -id Wave.1 -selected  { mac_tb.u_mac.reset   }
gui_list_select -id Wave.1 -selected  {  }
gui_list_select -id Wave.1 -selected  { mac_tb.u_mac.out_valid   }
gui_list_select -id Wave.1 -selected  { mac_tb.u_mac.out_valid  mac_tb.u_mac.clk   }
gui_compare_set_option   -ignore {none}   -typesOfSignal {{signal} {inout} {in} {out} }  -display {false} -recursive {true}  -tolerance 0 -timeUnit 1ps  -mismatch_per_signal 100 -mismatch_total 1000  -offset1  0  -offset2  0
gui_list_compare -id  Wave.1  -list1 {{Sim:mac_tb.u_mac.clk} }  -list2 {{Sim:mac_tb.u_mac.out_valid} }  -tolerance 0   -timeunit {1ps}   -createNew true  -verbose true  -mismatch_per_signal 100   -mismatch_total 1000 
gui_list_expand -id  Wave.1   Sim:mac_tb.u_mac.clk<>Sim:mac_tb.u_mac.out_valid
gui_list_select -id Wave.1 -selected  { mac_tb.u_mac.clk   }
gui_list_select -id Wave.1 -selected  { mac_tb.u_mac.out_valid   }
gui_list_select -id Wave.1 -selected  { mac_tb.u_mac.clk   }
gui_list_select -id Wave.1 -selected  { Sim:mac_tb.u_mac.clk<>Sim:mac_tb.u_mac.out_valid   }
gui_zoom -window Wave.1 -factor 2
gui_zoom -window Wave.1 -factor 2
gui_zoom -window Wave.1 -factor 2
gui_zoom -window Wave.1 -factor 2
gui_zoom -window Wave.1 -factor 2
gui_wv_zoom_timerange -id  Wave.1 2470328 2510958
gui_wv_zoom_timerange -id  Wave.1 2470328 2509162
gui_wv_zoom_timerange -id  Wave.1 2470328 2509686
gui_wv_zoom_timerange -id  Wave.1 2470328 2510733
gui_zoom -window Wave.1 -full
gui_zoom -window Wave.1 -factor 2
gui_zoom -window Wave.1 -factor 2
gui_zoom -window Wave.1 -factor 2
gui_zoom -window Wave.1 -factor 2
gui_wv_scroll_hslidermove -id  Wave.1 0
gui_wv_scroll_hslidermove -id  Wave.1 0
gui_wv_zoom_timerange -id  Wave.1 0 159670
gui_wv_zoom_timerange -id  Wave.1 0 165573
gui_wv_zoom_timerange -id  Wave.1 0 167344
gui_wv_zoom_timerange -id  Wave.1 0 167639
gui_wv_zoom_timerange -id  Wave.1 0 168229
gui_wv_zoom_timerange -id  Wave.1 0 171476
gui_wv_zoom_timerange -id  Wave.1 0 175312
gui_wv_zoom_timerange -id  Wave.1 0 176493
gui_wv_zoom_timerange -id  Wave.1 0 166753
gui_list_select -id Wave.1 -selected  { mac_tb.u_mac.out_valid   }
gui_list_select -id Wave.1 -selected  { mac_tb.u_mac.clk   }
gui_list_select -id Wave.1 -selected  { {mac_tb.u_mac.counter[3:0]}   }
gui_list_select -id Wave.1 -selected  { {mac_tb.u_mac.IDLE[2:0]}   }
gui_wv_zoom_timerange -id  Wave.1 0 318160
gui_wv_scroll_hslidermove -id  Wave.1 0
gui_list_expand -id  Wave.1   {mac_tb.u_mac.state_Next[1:0]}
gui_list_expand -id  Wave.1   {mac_tb.u_mac.WAIT_A[2:0]}
gui_list_expand -id  Wave.1   {mac_tb.u_mac.WAIT_B[2:0]}
gui_list_expand -id  Wave.1   {mac_tb.u_mac.temp_out[10:0]}
gui_list_expand -id  Wave.1   {mac_tb.u_mac.MAC[2:0]}
gui_list_expand -id  Wave.1   {mac_tb.u_mac.reg_a[3:0]}
gui_list_expand -id  Wave.1   {mac_tb.u_mac.reg_b[3:0]}
gui_list_expand -id  Wave.1   {mac_tb.u_mac.reg_c[10:0]}
gui_list_expand -id  Wave.1   {mac_tb.u_mac.state[1:0]}
gui_list_expand -id  Wave.1   {mac_tb.u_mac.IDLE[2:0]}
gui_list_expand -id  Wave.1   {mac_tb.u_mac.counter[3:0]}
gui_list_select -id Wave.1 -selected  { mac_tb.u_mac.clk   }
gui_list_select -id Wave.1 -selected  { mac_tb.u_mac.out_valid   }
gui_get_drivers -id Wave.1 -signal mac_tb.u_mac.out_valid
gui_use_schematics
gui_zoom -window Schematic.2 -rect { {-15596 -4134} {25640 14178} }
gui_zoom -window Schematic.2 -rect { {-6524 -9212} {21871 3397} }
gui_zoom -window Schematic.2 -rect { {-6524 -9212} {21871 3397} }
gui_schematic_select -id Schematic.2 -type {net net} -parent {mac_tb.u_mac mac_tb.u_mac} {mac_tb.u_mac.out_valid mac_tb.u_mac.out_sig}
gui_zoom -window Schematic.2 -rect { {-13799 -20561} {40403 3509} }
gui_zoom -window Schematic.2 -rect { {-13799 -20561} {40403 3509} }
gui_zoom -window Schematic.2 -rect { {-13799 -20561} {40405 3510} }
gui_schematic_clear_selection -id Schematic.2
gui_zoom -window Schematic.2 -rect { {-13799 -20561} {40403 3509} }
gui_zoom -window Schematic.2 -rect { {-8059 -25724} {59538 4295} }
gui_zoom -window Schematic.2 -rect { {-13806 -20560} {40398 3511} }
gui_zoom -window Schematic.2 -rect { {-8059 -25724} {59538 4295} }
gui_zoom -window Schematic.2 -rect { {-8059 -25724} {59538 4295} }
gui_zoom -window Schematic.2 -rect { {-8059 -25724} {59541 4296} }
gui_zoom -window Schematic.2 -rect { {-8059 -25724} {59538 4295} }
gui_zoom -window Schematic.2 -rect { {-8059 -25724} {59538 4295} }
gui_get_drivers -id Data.1 -signal mac_tb.u_mac.out_sig
gui_use_schematics
gui_zoom -window Schematic.3 -rect { {-15596 -4134} {25640 14178} }
gui_zoom -window Schematic.3 -rect { {-14148 -17471} {34681 4213} }
gui_zoom -window Schematic.3 -rect { {-14148 -17471} {34681 4213} }
gui_schematic_select -id Schematic.3 -type {net net} -parent {mac_tb.u_mac mac_tb.u_mac} {mac_tb.u_mac.counter mac_tb.u_mac.out_sig}
gui_zoom -window Schematic.3 -rect { {-52089 -56673} {85889 4600} }
gui_zoom -window Schematic.3 -rect { {-52089 -56673} {85889 4600} }
gui_zoom -window Schematic.3 -rect { {-52090 -56673} {85889 4601} }
gui_schematic_clear_selection -id Schematic.3
gui_zoom -window Schematic.3 -rect { {-52089 -56673} {85889 4600} }
gui_zoom -window Schematic.3 -rect { {-52089 -56673} {85889 4600} }
gui_zoom -window Schematic.3 -rect { {-52089 -56673} {85889 4600} }
gui_zoom -window Schematic.3 -rect { {-52090 -56673} {85889 4601} }
gui_zoom -window Schematic.3 -rect { {-52089 -56673} {85889 4600} }
gui_zoom -window Schematic.3 -rect { {-52089 -56673} {85889 4600} }
gui_zoom -window Schematic.3 -rect { {-22616 -52647} {64087 -14144} }
gui_zoom -window Schematic.3 -rect { {-14135 -51257} {56249 -20001} }
gui_zoom -window Schematic.3 -rect { {-14135 -56453} {56249 -25197} }
gui_zoom -window Schematic.3 -rect { {-6839 -53230} {49436 -28239} }
gui_zoom -window Schematic.3 -rect { {-6839 -53291} {49436 -28300} }
gui_zoom -window Schematic.3 -rect { {-6839 -54330} {49436 -29339} }
gui_zoom -window Schematic.3 -rect { {-6839 -55063} {49436 -30072} }
gui_zoom -window Schematic.3 -rect { {-6839 -55246} {49436 -30255} }
gui_zoom -window Schematic.3 -rect { {-6839 -55980} {49436 -30989} }
gui_zoom -window Schematic.3 -rect { {-6839 -55735} {49436 -30744} }
gui_zoom -window Schematic.3 -rect { {-6839 -55246} {49436 -30255} }
gui_zoom -window Schematic.3 -rect { {-6839 -55124} {49436 -30133} }
gui_zoom -window Schematic.3 -rect { {-6839 -54758} {49436 -29767} }
gui_zoom -window Schematic.3 -rect { {-6839 -54574} {49436 -29583} }
gui_zoom -window Schematic.3 -rect { {-6839 -54391} {49436 -29400} }
gui_zoom -window Schematic.3 -rect { {-6839 -54024} {49436 -29033} }
gui_zoom -window Schematic.3 -rect { {-6839 -53719} {49436 -28728} }
gui_zoom -window Schematic.3 -rect { {-6839 -52986} {49436 -27995} }
gui_zoom -window Schematic.3 -rect { {-6839 -50786} {49436 -25795} }
gui_zoom -window Schematic.3 -rect { {-6839 -49136} {49436 -24145} }
gui_zoom -window Schematic.3 -rect { {-6839 -48281} {49436 -23290} }
gui_zoom -window Schematic.3 -rect { {-6839 -46814} {49436 -21823} }
gui_zoom -window Schematic.3 -rect { {-6839 -46142} {49436 -21151} }
gui_zoom -window Schematic.3 -rect { {-6839 -45164} {49436 -20173} }
gui_zoom -window Schematic.3 -rect { {-6839 -44859} {49436 -19868} }
gui_zoom -window Schematic.3 -rect { {-6900 -44614} {49375 -19623} }
gui_zoom -window Schematic.3 -rect { {-6900 -40704} {49375 -15713} }
gui_zoom -window Schematic.3 -rect { {-6900 -36732} {49375 -11741} }
gui_zoom -window Schematic.3 -rect { {-6900 -35449} {49375 -10458} }
gui_zoom -window Schematic.3 -rect { {-6900 -34105} {49375 -9114} }
gui_zoom -window Schematic.3 -rect { {-6900 -33494} {49375 -8503} }
gui_zoom -window Schematic.3 -rect { {-6900 -33249} {49375 -8258} }
gui_zoom -window Schematic.3 -rect { {-7022 -32822} {49253 -7831} }
gui_zoom -window Schematic.3 -rect { {-7267 -31172} {49009 -6181} }
gui_zoom -window Schematic.3 -rect { {-7328 -30744} {48948 -5753} }
gui_zoom -window Schematic.3 -rect { {-7389 -30316} {48887 -5325} }
gui_zoom -window Schematic.3 -rect { {-7389 -30133} {48887 -5142} }
gui_zoom -window Schematic.3 -rect { {-7450 -29522} {48825 -4531} }
gui_zoom -window Schematic.3 -rect { {-7511 -29094} {48764 -4103} }
gui_zoom -window Schematic.3 -rect { {-7511 -28667} {48764 -3676} }
gui_zoom -window Schematic.3 -rect { {-7633 -27750} {48642 -2759} }
gui_zoom -window Schematic.3 -rect { {-7695 -27078} {48581 -2087} }
gui_zoom -window Schematic.3 -rect { {-7756 -26528} {48520 -1537} }
gui_zoom -window Schematic.3 -rect { {-7756 -26284} {48520 -1293} }
gui_zoom -window Schematic.3 -rect { {-7756 -26223} {48520 -1232} }
gui_zoom -window Schematic.3 -rect { {-7817 -25550} {48459 -559} }
gui_zoom -window Schematic.3 -rect { {-7939 -24328} {48337 663} }
gui_zoom -window Schematic.3 -rect { {-8061 -22801} {48214 2190} }
gui_zoom -window Schematic.3 -rect { {-8122 -22006} {48153 2985} }
gui_zoom -window Schematic.3 -rect { {-8244 -20784} {48031 4207} }
gui_zoom -window Schematic.3 -rect { {-8306 -20784} {47970 4207} }
gui_zoom -window Schematic.3 -rect { {-8183 -20784} {48092 4207} }
gui_zoom -window Schematic.3 -rect { {-8183 -20846} {48092 4145} }
gui_zoom -window Schematic.3 -rect { {-8244 -21579} {48031 3412} }
gui_zoom -window Schematic.3 -rect { {-8367 -22923} {47909 2068} }
gui_zoom -window Schematic.3 -rect { {-8550 -23962} {47726 1029} }
gui_zoom -window Schematic.3 -rect { {-8550 -24451} {47726 540} }
gui_zoom -window Schematic.3 -rect { {-8550 -24634} {47726 357} }
gui_zoom -window Schematic.3 -rect { {-8550 -25062} {47726 -71} }
gui_zoom -window Schematic.3 -rect { {-8550 -25489} {47726 -498} }
gui_zoom -window Schematic.3 -rect { {-8550 -26100} {47726 -1109} }
gui_zoom -window Schematic.3 -rect { {-8550 -26223} {47726 -1232} }
gui_zoom -window Schematic.3 -rect { {-8550 -26406} {47726 -1415} }
gui_zoom -window Schematic.3 -rect { {-8428 -26589} {47848 -1598} }
gui_zoom -window Schematic.3 -rect { {-8428 -26711} {47848 -1720} }
gui_zoom -window Schematic.3 -rect { {-8428 -27078} {47848 -2087} }
gui_zoom -window Schematic.3 -rect { {-8428 -27811} {47848 -2820} }
gui_zoom -window Schematic.3 -rect { {-8428 -28178} {47848 -3187} }
gui_zoom -window Schematic.3 -rect { {-8428 -29400} {47848 -4409} }
gui_zoom -window Schematic.3 -rect { {-8428 -30011} {47848 -5020} }
gui_zoom -window Schematic.3 -rect { {-8428 -30744} {47848 -5753} }
gui_zoom -window Schematic.3 -rect { {-8428 -30805} {47848 -5814} }
gui_zoom -window Schematic.3 -rect { {-8428 -31477} {47848 -6486} }
gui_zoom -window Schematic.3 -rect { {-8428 -33494} {47848 -8503} }
gui_zoom -window Schematic.3 -rect { {-8489 -34533} {47787 -9542} }
gui_zoom -window Schematic.3 -rect { {-8611 -37221} {47665 -12230} }
gui_zoom -window Schematic.3 -rect { {-8794 -39299} {47481 -14308} }
gui_zoom -window Schematic.3 -rect { {-8917 -41009} {47359 -16018} }
gui_zoom -window Schematic.3 -rect { {-8917 -41254} {47359 -16263} }
gui_zoom -window Schematic.3 -rect { {-8611 -42170} {47665 -17179} }
gui_zoom -window Schematic.3 -rect { {-7389 -45164} {48887 -20173} }
gui_zoom -window Schematic.3 -rect { {-7084 -45837} {49192 -20846} }
gui_zoom -window Schematic.3 -rect { {-6900 -48097} {49375 -23106} }
gui_zoom -window Schematic.3 -rect { {-6900 -49625} {49375 -24634} }
gui_zoom -window Schematic.3 -rect { {-6900 -51764} {49375 -26773} }
gui_zoom -window Schematic.3 -rect { {-6900 -52313} {49375 -27322} }
gui_zoom -window Schematic.3 -rect { {-7084 -52863} {49192 -27872} }
gui_zoom -window Schematic.3 -rect { {-7206 -54147} {49070 -29156} }
gui_zoom -window Schematic.3 -rect { {-7389 -56407} {48887 -31416} }
gui_zoom -window Schematic.3 -rect { {-7572 -56407} {48703 -31416} }
gui_zoom -window Schematic.3 -rect { {-7695 -56407} {48581 -31416} }
gui_zoom -window Schematic.3 -rect { {-7756 -56407} {48520 -31416} }
gui_zoom -window Schematic.3 -rect { {-7756 -56346} {48520 -31355} }
gui_zoom -window Schematic.3 -rect { {-8061 -53658} {48214 -28667} }
gui_zoom -window Schematic.3 -rect { {-8183 -52130} {48092 -27139} }
gui_zoom -window Schematic.3 -rect { {-8306 -50786} {47970 -25795} }
gui_zoom -window Schematic.3 -rect { {-8306 -50480} {47970 -25489} }
gui_list_expand -id  Data.1   {mac_tb.u_mac.counter[3:0]}
gui_list_select -id Data.1 -selected  { {mac_tb.u_mac.counter[3]}   }
gui_path_show -window Schematic.3 -objects {{mac_tb.u_mac.counter[3]}}
gui_zoom -window Schematic.3 -rect { {-52089 -56673} {85889 4600} }
gui_list_select -id Data.1 -selected  { {mac_tb.u_mac.counter[2]}   }
gui_path_show -window Schematic.3 -objects {{mac_tb.u_mac.counter[2]}}
gui_zoom -window Schematic.3 -rect { {-52089 -56673} {85889 4600} }
gui_list_select -id Data.1 -selected  { {mac_tb.u_mac.counter[1]}   }
gui_path_show -window Schematic.3 -objects {{mac_tb.u_mac.counter[1]}}
gui_zoom -window Schematic.3 -rect { {-52089 -56673} {85889 4600} }
gui_list_select -id Data.1 -selected  { {mac_tb.u_mac.reg_a[3:0]}   }
gui_path_show -window Schematic.3 -objects {{mac_tb.u_mac.reg_a[3:0]}}
gui_zoom -window Schematic.3 -rect { {-49992 -56673} {87986 4600} }
gui_list_expand -id  DriverLoad.1   {mac.v 122 1.1}
gui_list_collapse -id  DriverLoad.1   {mac.v 122 1.1}
gui_list_expand -id  Data.1   {mac_tb.u_mac.reg_b[3:0]}
gui_list_expand -id  Data.1   {mac_tb.u_mac.MAC[2:0]}
gui_list_select -id Data.1 -selected  { {mac_tb.u_mac.MAC[2]}   }
gui_path_show -window Schematic.3 -objects {{mac_tb.u_mac.MAC[2]}}
gui_list_select -id Data.1 -selected  { {mac_tb.u_mac.MAC[1]}   }
gui_path_show -window Schematic.3 -objects {{mac_tb.u_mac.MAC[1]}}
gui_zoom -window Schematic.3 -rect { {-49992 -42591} {87986 4450} }
gui_zoom -window Schematic.3 -rect { {-49992 -56673} {87986 -9632} }
gui_list_select -id Data.1 -selected  { {mac_tb.u_mac.MAC[2:0]}   }
gui_path_show -window Schematic.3 -objects {{mac_tb.u_mac.MAC[2:0]}}
gui_zoom -window Schematic.3 -rect { {-49992 -42591} {87986 4450} }
gui_zoom -window Schematic.3 -rect { {-49992 -56673} {87986 -9632} }
gui_list_select -id Data.1 -selected  { {mac_tb.u_mac.mac_out[10:0]}   }
gui_path_show -window Schematic.3 -objects {{mac_tb.u_mac.mac_out[10:0]}}
gui_zoom -window Schematic.3 -rect { {-68283 -56813} {112392 4786} }
gui_path_show -window Schematic.3 -objects mac_tb.u_mac
gui_zoom -window Schematic.3 -rect { {-75500 -64051} {126679 4879} }
gui_zoom -window Schematic.3 -rect { {-67137 -58470} {114173 3345} }
gui_schematic_select -id Schematic.3 -type {pin pin pin pin cell pin cell pin pin pin pin pin pin pin pin pin cell pin pin pin pin pin pin pin pin cell pin pin pin pin pin cell pin pin pin pin cell pin cell pin cell cell cell cell cell cell cell net net net net net net net net net net} -parent {mac_tb.u_mac.*p@109 mac_tb.u_mac.*p@103 mac_tb.u_mac.*p@26 mac_tb.u_mac.*p@89 . mac_tb.u_mac.*p@125 . mac_tb.u_mac.*p@77 mac_tb.u_mac.*p@125 mac_tb.u_mac.*p@109 mac_tb.u_mac.*p@103 mac_tb.u_mac.*p@26 mac_tb.u_mac.*p@89 mac_tb.u_mac.*p@117 mac_tb.u_mac.*p@125 mac_tb.u_mac.*p@103 . mac_tb.u_mac.*p@26 mac_tb.u_mac.*p@89 mac_tb.u_mac.*p@125 mac_tb.u_mac.*p@109 mac_tb.u_mac.*p@117 mac_tb.u_mac.*p@77 mac_tb.u_mac.*p@89 mac_tb.u_mac.*p@89 . mac_tb.u_mac.*p@77 mac_tb.u_mac.*p@103 mac_tb.u_mac.*p@26 mac_tb.u_mac.*p@89 mac_tb.u_mac.*p@89 . mac_tb.u_mac.*p@26 mac_tb.u_mac.*p@89 mac_tb.u_mac.*p@26 mac_tb.u_mac.*p@89 . mac_tb.u_mac.*p@117 . mac_tb.u_mac.*p@77 . . . . . . . . . . . . . . . . .} {mac_tb.u_mac.counter mac_tb.u_mac.counter mac_tb.u_mac.counter mac_tb.u_mac.counter mac_tb.u_mac.mac_out mac_tb.u_mac.mac_out mac_tb.u_mac.clk mac_tb.u_mac.clk mac_tb.u_mac.clk mac_tb.u_mac.clk mac_tb.u_mac.clk mac_tb.u_mac.clk mac_tb.u_mac.clk mac_tb.u_mac.clk mac_tb.u_mac.temp_out mac_tb.u_mac.temp_out mac_tb.u_mac.reset mac_tb.u_mac.reset mac_tb.u_mac.reset mac_tb.u_mac.out_sig mac_tb.u_mac.out_sig mac_tb.u_mac.out_sig mac_tb.u_mac.reg_a mac_tb.u_mac.reg_a mac_tb.u_mac.reg_b mac_tb.u_mac.in_valid_a mac_tb.u_mac.in_valid_a mac_tb.u_mac.reg_c mac_tb.u_mac.in_valid_a mac_tb.u_mac.in_valid_a mac_tb.u_mac.reg_c mac_tb.u_mac.in_valid_b mac_tb.u_mac.in_valid_b mac_tb.u_mac.in_valid_b mac_tb.u_mac.state mac_tb.u_mac.state mac_tb.u_mac.out_valid mac_tb.u_mac.out_valid mac_tb.u_mac.in_a mac_tb.u_mac.in_a mac_tb.u_mac.in_b mac_tb.u_mac.*p@77 mac_tb.u_mac.*p@109 mac_tb.u_mac.*p@117 mac_tb.u_mac.*p@125 mac_tb.u_mac.*p@103 mac_tb.u_mac.*p@89 mac_tb.u_mac.in_a mac_tb.u_mac.reg_a mac_tb.u_mac.in_valid_b mac_tb.u_mac.clk mac_tb.u_mac.reset mac_tb.u_mac.mac_out mac_tb.u_mac.out_valid mac_tb.u_mac.counter mac_tb.u_mac.in_valid_a mac_tb.u_mac.out_sig}
gui_schematic_clear_selection -id Schematic.3
gui_zoom -window Schematic.3 -full
gui_zoom -window Schematic.3 -rect { {-75500 -64051} {126679 4879} }
gui_set_window_attributes -window TopLevel.1 -arrange_children cascade
gui_set_window_attributes -window TopLevel.1 -arrange_children cascade
gui_zoom -window Schematic.3 -full
gui_zoom -window Schematic.3 -rect { {-30853 -63930} {81707 4718} }
gui_list_collapse -id  Data.1   {mac_tb.u_mac.counter[3:0]}
gui_list_collapse -id  Data.1   {mac_tb.u_mac.reg_b[3:0]}
gui_list_collapse -id  Data.1   {mac_tb.u_mac.MAC[2:0]}
gui_list_select -id Hier.1 -current_item_name mac_tb -current_item_type Scope  -selected  { mac_tb   }
gui_path_show -window Schematic.3 -objects mac_tb
gui_zoom -window Schematic.3 -rect { {-26774 -63920} {77923 4705} }
gui_list_expand -id  Data.1   {mac_tb.ans[0:9][10:0]}
gui_list_expand -id  Data.1   {mac_tb.pattern_in[0:248][9:0]}
gui_list_collapse -id  Data.1   {mac_tb.ans[0:9][10:0]}
gui_list_expand -id  Data.1   {mac_tb.ans[0:9][10:0]}
gui_list_collapse -id  Data.1   {mac_tb.pattern_in[0:248][9:0]}
gui_list_expand -id  Data.1   {mac_tb.pattern_in[0:248][9:0]}
gui_list_select -id Hier.1 -current_item_name mac_tb.u_mac -current_item_type Scope  -selected  { mac_tb.u_mac   }
gui_list_select -id Hier.1 -current_item_name mac_tb -current_item_type Scope  -selected  { mac_tb   }
gui_list_select -id Data.1 -selected  { {mac_tb.pattern_in[0:248][9:0]}   }
gui_list_select -id Data.1 -selected  {  }
gui_list_select -id Data.1 -selected  { {mac_tb.pattern_in[0:248][9:0]}   }
gui_wv_zoom_timerange -id  Wave.1 0 38368
gui_wv_zoom_timerange -id  Wave.1 0 318160
gui_list_collapse -id  Wave.1   u_mac
gui_open_window Wave
gui_list_add -id Wave.2 -from Hier.1 { mac_tb } -insertionbar
gui_sim_restart
gui_zoom -window Schematic.1 -rect { {-7555 -4222} {17628 14295} }
gui_zoom -window Schematic.1 -rect { {-7555 -4222} {17628 14295} }
gui_zoom -window Schematic.1 -rect { {-7555 -4222} {27332 17999} }
gui_zoom -window Schematic.1 -rect { {-7555 -4222} {27332 17999} }
gui_zoom -window Schematic.1 -rect { {-7555 -4222} {27702 20073} }
gui_zoom -window Schematic.1 -rect { {-7555 -4222} {27702 20073} }
gui_zoom -window Schematic.2 -rect { {-7555 -4222} {17628 14295} }
gui_zoom -window Schematic.2 -rect { {-7555 -4222} {17628 14295} }
gui_zoom -window Schematic.2 -rect { {-7555 -4222} {37479 22295} }
gui_zoom -window Schematic.2 -rect { {-7555 -4222} {37479 22295} }
gui_zoom -window Schematic.2 -rect { {-7555 -4222} {37850 24221} }
gui_zoom -window Schematic.2 -rect { {-7555 -4222} {37850 24221} }
gui_zoom -window Schematic.3 -rect { {-7555 -4222} {17628 14295} }
gui_zoom -window Schematic.3 -rect { {-7555 -4222} {17628 14295} }
gui_zoom -window Schematic.3 -rect { {-7555 -4222} {36146 22591} }
gui_zoom -window Schematic.3 -rect { {-7555 -4222} {36146 22591} }
gui_zoom -window Schematic.3 -rect { {-7555 -4222} {36516 24221} }
gui_zoom -window Schematic.3 -rect { {-7555 -4222} {36516 24221} }
gui_zoom -window Schematic.1 -rect { {-7555 -4222} {27702 20073} }
gui_zoom -window Schematic.2 -rect { {-7555 -4222} {37850 24221} }
gui_zoom -window Schematic.3 -rect { {-7555 -4222} {36516 24221} }
gui_zoom -window Schematic.1 -rect { {-7555 -4222} {27702 20073} }
gui_zoom -window Schematic.2 -rect { {-7555 -4222} {37850 24221} }
gui_zoom -window Schematic.3 -rect { {-7555 -4222} {36516 24221} }
gui_zoom -window Schematic.1 -rect { {-16766 -79519} {104867 4296} }
gui_zoom -window Schematic.2 -rect { {-7555 -4222} {37850 24221} }
gui_zoom -window Schematic.3 -rect { {-7555 -4222} {36516 24221} }
gui_zoom -window Schematic.1 -rect { {1786 -44362} {58429 -5330} }
gui_zoom -window Schematic.2 -rect { {-36746 -80443} {99475 4890} }
gui_zoom -window Schematic.3 -rect { {-7555 -4222} {36516 24221} }
gui_zoom -window Schematic.2 -rect { {1849 -25688} {46958 2570} }
gui_zoom -window Schematic.3 -rect { {-20583 -63928} {85780 4716} }
gui_zoom -window Schematic.3 -rect { {-27477 -63927} {78585 4523} }
gui_list_select -id Wave.2 -selected  { {mac_tb.in_b[3:0]}   }
gui_list_select -id Wave.2 -selected  { mac_tb.reset   }
gui_zoom -window Wave.2 -full
gui_list_expand -id  Wave.2   {mac_tb.pattern_in[0:248][9:0]}
gui_list_collapse -id  Wave.2   {mac_tb.pattern_in[0:248][9:0]}
gui_list_expand -id  Wave.2   {mac_tb.in_a[3:0]}
gui_list_collapse -id  Wave.2   {mac_tb.in_a[3:0]}
gui_list_expand -id  Wave.2   {mac_tb.in_a[3:0]}
gui_list_collapse -id  Wave.2   {mac_tb.in_a[3:0]}
gui_list_expand -id  Wave.2   {mac_tb.i[31:0]}
gui_list_collapse -id  Wave.2   {mac_tb.i[31:0]}
gui_close_window -window Wave.2
gui_list_expand -id  Hier.1   mac_tb
gui_open_source -active mac_tb -activate
gui_list_select -id DriverLoad.1 -selected  { {Sim:mac_tb.u_mac.out_sig 5000 0}   }
gui_do_show_driver_load TopLevel.1
gui_use_schematics
gui_zoom -window Schematic.4 -rect { {-4557 -14020} {14741 24205} }
gui_zoom -window Schematic.4 -rect { {-850 -28724} {21543 15632} }
gui_zoom -window Schematic.4 -rect { {-850 -28724} {21543 15632} }
gui_schematic_select -id Schematic.4 -type {net} -parent {mac_tb.u_mac} {mac_tb.u_mac.out_sig}
gui_zoom -window Schematic.4 -rect { {-850 -28724} {21543 15632} }
gui_zoom -window Schematic.4 -rect { {-850 -28724} {21543 15632} }
gui_zoom -window Schematic.4 -rect { {-850 -28724} {21544 15633} }
gui_schematic_clear_selection -id Schematic.4
gui_zoom -window Schematic.4 -rect { {-850 -28724} {21543 15632} }
gui_zoom -window Schematic.4 -rect { {-850 -28724} {21543 15632} }
gui_zoom -window Schematic.4 -rect { {-850 -28724} {21544 15633} }
gui_zoom -window Schematic.4 -rect { {-850 -28724} {21543 15632} }
gui_get_drivers  -id DriverLoad.1 -signal  Sim:mac_tb.u_mac.out_sig -time  5000 -starttime 2550000
gui_zoom -window Schematic.4 -rect { {-850 -28724} {21543 15632} }
gui_list_select -id DriverLoad.1 -selected  { {Sim:mac_tb.u_mac.out_valid 5000 1}   }
gui_do_show_driver_load TopLevel.1
gui_use_schematics
gui_zoom -window Schematic.5 -rect { {-4557 -14020} {14741 24205} }
gui_zoom -window Schematic.5 -rect { {-692 -19685} {16212 13798} }
gui_zoom -window Schematic.5 -rect { {-692 -19685} {16212 13798} }
gui_schematic_select -id Schematic.5 -type {net} -parent {mac_tb.u_mac} {mac_tb.u_mac.out_valid}
gui_zoom -window Schematic.5 -rect { {-692 -19685} {16212 13798} }
gui_zoom -window Schematic.5 -rect { {-692 -19685} {16212 13798} }
gui_zoom -window Schematic.5 -rect { {-692 -19686} {16213 13799} }
gui_schematic_clear_selection -id Schematic.5
gui_zoom -window Schematic.5 -rect { {-692 -19685} {16212 13798} }
gui_zoom -window Schematic.5 -rect { {-692 -19685} {16212 13798} }
gui_zoom -window Schematic.5 -rect { {-692 -19686} {16213 13799} }
gui_zoom -window Schematic.5 -rect { {-692 -19685} {16212 13798} }
gui_get_drivers  -id DriverLoad.1 -signal  Sim:mac_tb.u_mac.out_valid -time  5000 -starttime 2550000
gui_zoom -window Schematic.5 -rect { {-692 -19685} {16212 13798} }
gui_list_select -id Hier.1 -current_item_name mac_tb.u_mac -current_item_type Scope  -selected  { mac_tb.u_mac   }
gui_list_select -id Hier.1 -current_item_name mac_tb -current_item_type Scope  -selected  { mac_tb   }
gui_list_create_group_when_add -wave -enable
gui_sim_continue  
